<?xml version="1.0" encoding="UTF-8"?>
<!-- Generated by org.testng.reporters.JUnitReportReporter -->
<testsuite skipped="0" hostname="PravinJ" name="com.maven.project.DemoTest" tests="1" failures="0" timestamp="03 Jan 2020 07:08:27 GMT" time="29.623" errors="0">
  <testcase name="test" time="29.623" classname="com.maven.project.DemoTest"/>
</testsuite> <!-- com.maven.project.DemoTest -->
